-------------------------------------------------------------------------------
Test set: com.mycompany.aprendiendoseleniumtests.AppTestIT
-------------------------------------------------------------------------------
Tests run: 3, Failures: 0, Errors: 3, Skipped: 0, Time elapsed: 5.669 s <<< FAILURE! - in com.mycompany.aprendiendoseleniumtests.AppTestIT
testLogin(com.mycompany.aprendiendoseleniumtests.AppTestIT)  Time elapsed: 0.078 s  <<< ERROR!
java.lang.ClassCastException: org.openqa.selenium.remote.RemoteWebElement cannot be cast to org.openqa.selenium.By
	at com.mycompany.aprendiendoseleniumtests.AppTestIT.testLogin(AppTestIT.java:49)

testSeleecionarPasajeros(com.mycompany.aprendiendoseleniumtests.AppTestIT)  Time elapsed: 0.017 s  <<< ERROR!
java.lang.ClassCastException: org.openqa.selenium.remote.RemoteWebElement cannot be cast to org.openqa.selenium.By
	at com.mycompany.aprendiendoseleniumtests.AppTestIT.testSeleecionarPasajeros(AppTestIT.java:67)

testLoginPassed(com.mycompany.aprendiendoseleniumtests.AppTestIT)  Time elapsed: 0.018 s  <<< ERROR!
java.lang.ClassCastException: org.openqa.selenium.remote.RemoteWebElement cannot be cast to org.openqa.selenium.By
	at com.mycompany.aprendiendoseleniumtests.AppTestIT.testLoginPassed(AppTestIT.java:58)

