<?xml version="1.0" encoding="UTF-8"?>
<testng-results skipped="0" failed="0" total="0" passed="0">
  <reporter-output>
  </reporter-output>
  <suite name="com.mycompany.aprendiendoseleniumtests.AppTestIT" duration-ms="2" started-at="2018-06-03T17:36:29Z" finished-at="2018-06-03T17:36:29Z">
    <groups>
    </groups>
    <test name="Command line test" duration-ms="2" started-at="2018-06-03T17:36:29Z" finished-at="2018-06-03T17:36:29Z">
    </test> <!-- Command line test -->
  </suite> <!-- com.mycompany.aprendiendoseleniumtests.AppTestIT -->
</testng-results>
