<?xml version="1.0" encoding="UTF-8"?>
<testsuite xmlns:xsi="http://www.w3.org/2001/XMLSchema-instance" xsi:noNamespaceSchemaLocation="https://maven.apache.org/surefire/maven-surefire-plugin/xsd/surefire-test-report.xsd" name="com.mycompany.aprendiendoseleniumtests.AppTestIT" time="24.257" tests="3" errors="0" skipped="0" failures="0">
  <properties>
[...]
</properties>
  <testcase name="testLogin" classname="com.mycompany.aprendiendoseleniumtests.AppTestIT" time="6.751"/>
  <testcase name="testSeleecionarPasajeros" classname="com.mycompany.aprendiendoseleniumtests.AppTestIT" time="9.096"/>
  <testcase name="testLoginPassed" classname="com.mycompany.aprendiendoseleniumtests.AppTestIT" time="8.315"/>
</testsuite>